11:06:30.062 - Timers : 0
11:07:33.404 - Ticked widgets for 1 minute : 0. Per second : 0, total time : 0 ms
11:08:33.401 - Ticked widgets for 1 minute : 0. Per second : 0, total time : 0 ms
11:09:33.407 - Ticked widgets for 1 minute : 0. Per second : 0, total time : 0 ms
11:10:33.401 - Ticked widgets for 1 minute : 0. Per second : 0, total time : 0 ms
11:11:33.409 - Ticked widgets for 1 minute : 0. Per second : 0, total time : 0 ms
11:12:33.407 - Ticked widgets for 1 minute : 0. Per second : 0, total time : 0 ms
11:12:45.863 - Timers : 0
11:13:33.402 - Ticked widgets for 1 minute : 0. Per second : 0, total time : 0 ms
11:14:33.404 - Ticked widgets for 1 minute : 0. Per second : 0, total time : 0 ms
11:15:33.409 - Ticked widgets for 1 minute : 0. Per second : 0, total time : 0 ms
11:16:33.410 - Ticked widgets for 1 minute : 0. Per second : 0, total time : 0 ms
11:17:01.022 - Backup for user DB started...
11:17:01.033 - Backup for user DB finished.
11:17:33.405 - Ticked widgets for 1 minute : 0. Per second : 0, total time : 0 ms
11:18:33.407 - Ticked widgets for 1 minute : 0. Per second : 0, total time : 0 ms
11:19:33.401 - Ticked widgets for 1 minute : 0. Per second : 0, total time : 0 ms
11:20:33.407 - Ticked widgets for 1 minute : 0. Per second : 0, total time : 0 ms
11:20:41.449 - Timers : 0
11:21:33.403 - Ticked widgets for 1 minute : 0. Per second : 0, total time : 1 ms
11:22:33.412 - Ticked widgets for 1 minute : 0. Per second : 0, total time : 0 ms
11:23:33.413 - Ticked widgets for 1 minute : 0. Per second : 0, total time : 0 ms
11:24:33.401 - Ticked widgets for 1 minute : 0. Per second : 0, total time : 0 ms
11:25:33.414 - Ticked widgets for 1 minute : 0. Per second : 0, total time : 0 ms
11:26:33.414 - Ticked widgets for 1 minute : 0. Per second : 0, total time : 0 ms
11:27:33.410 - Ticked widgets for 1 minute : 0. Per second : 0, total time : 0 ms
11:28:33.411 - Ticked widgets for 1 minute : 0. Per second : 0, total time : 0 ms
11:29:33.410 - Ticked widgets for 1 minute : 0. Per second : 0, total time : 0 ms
11:30:33.400 - Ticked widgets for 1 minute : 0. Per second : 0, total time : 0 ms
11:31:33.403 - Ticked widgets for 1 minute : 0. Per second : 0, total time : 0 ms
11:32:33.407 - Ticked widgets for 1 minute : 0. Per second : 0, total time : 0 ms
11:33:33.412 - Ticked widgets for 1 minute : 0. Per second : 0, total time : 0 ms
11:34:33.416 - Ticked widgets for 1 minute : 0. Per second : 0, total time : 0 ms
11:35:33.400 - Ticked widgets for 1 minute : 0. Per second : 0, total time : 0 ms
11:36:33.406 - Ticked widgets for 1 minute : 0. Per second : 0, total time : 0 ms
11:37:33.410 - Ticked widgets for 1 minute : 0. Per second : 0, total time : 0 ms
11:38:33.409 - Ticked widgets for 1 minute : 0. Per second : 0, total time : 0 ms
11:39:33.437 - Ticked widgets for 1 minute : 0. Per second : 0, total time : 0 ms
11:40:33.405 - Ticked widgets for 1 minute : 0. Per second : 0, total time : 0 ms
11:41:33.400 - Ticked widgets for 1 minute : 0. Per second : 0, total time : 0 ms
11:42:33.400 - Ticked widgets for 1 minute : 0. Per second : 0, total time : 0 ms
11:43:33.412 - Ticked widgets for 1 minute : 0. Per second : 0, total time : 0 ms
11:44:33.412 - Ticked widgets for 1 minute : 0. Per second : 0, total time : 0 ms
11:45:33.403 - Ticked widgets for 1 minute : 0. Per second : 0, total time : 0 ms
11:46:33.414 - Ticked widgets for 1 minute : 0. Per second : 0, total time : 0 ms
11:47:33.400 - Ticked widgets for 1 minute : 0. Per second : 0, total time : 0 ms
11:48:33.403 - Ticked widgets for 1 minute : 0. Per second : 0, total time : 0 ms
11:49:33.411 - Ticked widgets for 1 minute : 0. Per second : 0, total time : 0 ms
11:50:33.400 - Ticked widgets for 1 minute : 0. Per second : 0, total time : 0 ms
11:51:33.400 - Ticked widgets for 1 minute : 0. Per second : 0, total time : 0 ms
11:52:33.412 - Ticked widgets for 1 minute : 0. Per second : 0, total time : 0 ms
11:53:33.415 - Ticked widgets for 1 minute : 0. Per second : 0, total time : 0 ms
11:54:33.405 - Ticked widgets for 1 minute : 0. Per second : 0, total time : 0 ms
11:55:33.407 - Ticked widgets for 1 minute : 0. Per second : 0, total time : 0 ms
11:56:33.403 - Ticked widgets for 1 minute : 0. Per second : 0, total time : 0 ms
11:57:33.402 - Ticked widgets for 1 minute : 0. Per second : 0, total time : 0 ms
11:58:33.406 - Ticked widgets for 1 minute : 0. Per second : 0, total time : 0 ms
11:59:33.410 - Ticked widgets for 1 minute : 0. Per second : 0, total time : 0 ms
12:00:33.402 - Ticked widgets for 1 minute : 0. Per second : 0, total time : 0 ms
12:01:33.414 - Ticked widgets for 1 minute : 0. Per second : 0, total time : 1 ms
12:02:33.410 - Ticked widgets for 1 minute : 0. Per second : 0, total time : 0 ms
12:03:33.400 - Ticked widgets for 1 minute : 0. Per second : 0, total time : 0 ms
12:04:33.410 - Ticked widgets for 1 minute : 0. Per second : 0, total time : 0 ms
12:05:33.407 - Ticked widgets for 1 minute : 0. Per second : 0, total time : 0 ms
12:06:33.097 - Truncated 0 files. Time : 1 ms.
12:06:33.098 - Removed 0 old export files. Time : 1 ms.
12:06:33.408 - Ticked widgets for 1 minute : 0. Per second : 0, total time : 0 ms
12:07:33.402 - Ticked widgets for 1 minute : 0. Per second : 0, total time : 0 ms
12:08:33.400 - Ticked widgets for 1 minute : 0. Per second : 0, total time : 0 ms
12:09:33.402 - Ticked widgets for 1 minute : 0. Per second : 0, total time : 0 ms
12:10:33.401 - Ticked widgets for 1 minute : 0. Per second : 0, total time : 0 ms
12:11:33.412 - Ticked widgets for 1 minute : 0. Per second : 0, total time : 0 ms
12:12:33.401 - Ticked widgets for 1 minute : 0. Per second : 0, total time : 0 ms
12:13:33.415 - Ticked widgets for 1 minute : 0. Per second : 0, total time : 0 ms
12:14:33.416 - Ticked widgets for 1 minute : 0. Per second : 0, total time : 0 ms
12:15:33.403 - Ticked widgets for 1 minute : 0. Per second : 0, total time : 0 ms
12:16:33.400 - Ticked widgets for 1 minute : 0. Per second : 0, total time : 0 ms
12:17:33.403 - Ticked widgets for 1 minute : 0. Per second : 0, total time : 0 ms
12:18:33.425 - Ticked widgets for 1 minute : 0. Per second : 0, total time : 1 ms
12:19:33.404 - Ticked widgets for 1 minute : 0. Per second : 0, total time : 0 ms
12:20:33.408 - Ticked widgets for 1 minute : 0. Per second : 0, total time : 0 ms
12:21:33.402 - Ticked widgets for 1 minute : 0. Per second : 0, total time : 0 ms
12:22:33.407 - Ticked widgets for 1 minute : 0. Per second : 0, total time : 0 ms
12:23:33.404 - Ticked widgets for 1 minute : 0. Per second : 0, total time : 0 ms
12:24:33.401 - Ticked widgets for 1 minute : 0. Per second : 0, total time : 0 ms
12:25:33.413 - Ticked widgets for 1 minute : 0. Per second : 0, total time : 0 ms
12:26:33.404 - Ticked widgets for 1 minute : 0. Per second : 0, total time : 0 ms
12:27:33.405 - Ticked widgets for 1 minute : 0. Per second : 0, total time : 0 ms
12:28:33.403 - Ticked widgets for 1 minute : 0. Per second : 0, total time : 0 ms
12:29:33.400 - Ticked widgets for 1 minute : 0. Per second : 0, total time : 0 ms
12:30:33.415 - Ticked widgets for 1 minute : 0. Per second : 0, total time : 0 ms
12:31:33.400 - Ticked widgets for 1 minute : 0. Per second : 0, total time : 0 ms
12:32:33.409 - Ticked widgets for 1 minute : 0. Per second : 0, total time : 0 ms
12:33:33.403 - Ticked widgets for 1 minute : 0. Per second : 0, total time : 1 ms
12:34:33.407 - Ticked widgets for 1 minute : 0. Per second : 0, total time : 0 ms
12:35:33.415 - Ticked widgets for 1 minute : 0. Per second : 0, total time : 0 ms
12:36:33.408 - Ticked widgets for 1 minute : 0. Per second : 0, total time : 0 ms
12:37:33.401 - Ticked widgets for 1 minute : 0. Per second : 0, total time : 0 ms
12:38:33.404 - Ticked widgets for 1 minute : 0. Per second : 0, total time : 0 ms
12:39:33.411 - Ticked widgets for 1 minute : 0. Per second : 0, total time : 0 ms
12:40:33.402 - Ticked widgets for 1 minute : 0. Per second : 0, total time : 0 ms
12:41:33.410 - Ticked widgets for 1 minute : 0. Per second : 0, total time : 0 ms
12:42:33.406 - Ticked widgets for 1 minute : 0. Per second : 0, total time : 0 ms
12:43:33.407 - Ticked widgets for 1 minute : 0. Per second : 0, total time : 0 ms
12:44:33.403 - Ticked widgets for 1 minute : 0. Per second : 0, total time : 0 ms
12:45:33.412 - Ticked widgets for 1 minute : 0. Per second : 0, total time : 0 ms
12:46:33.414 - Ticked widgets for 1 minute : 0. Per second : 0, total time : 0 ms
12:47:33.409 - Ticked widgets for 1 minute : 0. Per second : 0, total time : 0 ms
12:48:33.404 - Ticked widgets for 1 minute : 0. Per second : 0, total time : 0 ms
12:49:33.401 - Ticked widgets for 1 minute : 0. Per second : 0, total time : 0 ms
12:50:33.408 - Ticked widgets for 1 minute : 0. Per second : 0, total time : 0 ms
12:51:33.414 - Ticked widgets for 1 minute : 0. Per second : 0, total time : 0 ms
12:52:33.412 - Ticked widgets for 1 minute : 0. Per second : 0, total time : 0 ms
12:53:33.405 - Ticked widgets for 1 minute : 0. Per second : 0, total time : 0 ms
12:54:33.401 - Ticked widgets for 1 minute : 0. Per second : 0, total time : 0 ms
12:55:33.401 - Ticked widgets for 1 minute : 0. Per second : 0, total time : 0 ms
12:56:33.414 - Ticked widgets for 1 minute : 0. Per second : 0, total time : 0 ms
12:57:33.409 - Ticked widgets for 1 minute : 0. Per second : 0, total time : 0 ms
12:58:33.403 - Ticked widgets for 1 minute : 0. Per second : 0, total time : 0 ms
12:59:33.415 - Ticked widgets for 1 minute : 0. Per second : 0, total time : 0 ms
13:00:33.412 - Ticked widgets for 1 minute : 0. Per second : 0, total time : 0 ms
13:01:33.414 - Ticked widgets for 1 minute : 0. Per second : 0, total time : 0 ms
13:02:33.403 - Ticked widgets for 1 minute : 0. Per second : 0, total time : 0 ms
13:03:33.414 - Ticked widgets for 1 minute : 0. Per second : 0, total time : 0 ms
13:04:33.414 - Ticked widgets for 1 minute : 0. Per second : 0, total time : 0 ms
13:05:33.406 - Ticked widgets for 1 minute : 0. Per second : 0, total time : 0 ms
13:06:33.401 - Ticked widgets for 1 minute : 0. Per second : 0, total time : 0 ms
13:07:33.414 - Ticked widgets for 1 minute : 0. Per second : 0, total time : 0 ms
13:08:33.406 - Ticked widgets for 1 minute : 0. Per second : 0, total time : 0 ms
13:09:33.406 - Ticked widgets for 1 minute : 0. Per second : 0, total time : 0 ms
13:10:33.409 - Ticked widgets for 1 minute : 0. Per second : 0, total time : 0 ms
13:11:33.411 - Ticked widgets for 1 minute : 0. Per second : 0, total time : 0 ms
13:12:33.416 - Ticked widgets for 1 minute : 0. Per second : 0, total time : 0 ms
13:13:33.402 - Ticked widgets for 1 minute : 0. Per second : 0, total time : 0 ms
13:14:33.413 - Ticked widgets for 1 minute : 0. Per second : 0, total time : 0 ms
13:15:33.408 - Ticked widgets for 1 minute : 0. Per second : 0, total time : 0 ms
13:16:33.411 - Ticked widgets for 1 minute : 0. Per second : 0, total time : 0 ms
13:17:33.400 - Ticked widgets for 1 minute : 0. Per second : 0, total time : 0 ms
13:18:33.400 - Ticked widgets for 1 minute : 0. Per second : 0, total time : 0 ms
13:19:33.413 - Ticked widgets for 1 minute : 0. Per second : 0, total time : 0 ms
13:20:33.411 - Ticked widgets for 1 minute : 0. Per second : 0, total time : 0 ms
13:21:33.400 - Ticked widgets for 1 minute : 0. Per second : 0, total time : 0 ms
13:22:33.400 - Ticked widgets for 1 minute : 0. Per second : 0, total time : 0 ms
13:23:33.414 - Ticked widgets for 1 minute : 0. Per second : 0, total time : 0 ms
13:24:33.406 - Ticked widgets for 1 minute : 0. Per second : 0, total time : 0 ms
13:25:33.414 - Ticked widgets for 1 minute : 0. Per second : 0, total time : 0 ms
13:26:33.408 - Ticked widgets for 1 minute : 0. Per second : 0, total time : 0 ms
13:27:33.403 - Ticked widgets for 1 minute : 0. Per second : 0, total time : 0 ms
13:28:33.416 - Ticked widgets for 1 minute : 0. Per second : 0, total time : 0 ms
13:29:33.402 - Ticked widgets for 1 minute : 0. Per second : 0, total time : 0 ms
13:30:33.407 - Ticked widgets for 1 minute : 0. Per second : 0, total time : 0 ms
13:31:33.410 - Ticked widgets for 1 minute : 0. Per second : 0, total time : 0 ms
13:32:33.408 - Ticked widgets for 1 minute : 0. Per second : 0, total time : 0 ms
13:33:33.412 - Ticked widgets for 1 minute : 0. Per second : 0, total time : 0 ms
13:34:33.402 - Ticked widgets for 1 minute : 0. Per second : 0, total time : 0 ms
13:35:33.403 - Ticked widgets for 1 minute : 0. Per second : 0, total time : 0 ms
13:36:33.401 - Ticked widgets for 1 minute : 0. Per second : 0, total time : 0 ms
13:37:33.400 - Ticked widgets for 1 minute : 0. Per second : 0, total time : 0 ms
13:38:33.400 - Ticked widgets for 1 minute : 0. Per second : 0, total time : 0 ms
13:39:33.407 - Ticked widgets for 1 minute : 0. Per second : 0, total time : 0 ms
13:40:33.413 - Ticked widgets for 1 minute : 0. Per second : 0, total time : 0 ms
13:41:33.414 - Ticked widgets for 1 minute : 0. Per second : 0, total time : 0 ms
13:42:33.405 - Ticked widgets for 1 minute : 0. Per second : 0, total time : 0 ms
13:43:33.413 - Ticked widgets for 1 minute : 0. Per second : 0, total time : 0 ms
13:44:33.400 - Ticked widgets for 1 minute : 0. Per second : 0, total time : 0 ms
13:45:33.400 - Ticked widgets for 1 minute : 0. Per second : 0, total time : 0 ms
13:46:33.405 - Ticked widgets for 1 minute : 0. Per second : 0, total time : 0 ms
13:47:33.405 - Ticked widgets for 1 minute : 0. Per second : 0, total time : 0 ms
13:48:33.413 - Ticked widgets for 1 minute : 0. Per second : 0, total time : 0 ms
13:49:33.406 - Ticked widgets for 1 minute : 0. Per second : 0, total time : 0 ms
13:50:33.401 - Ticked widgets for 1 minute : 0. Per second : 0, total time : 0 ms
13:51:33.403 - Ticked widgets for 1 minute : 0. Per second : 0, total time : 0 ms
13:52:33.409 - Ticked widgets for 1 minute : 0. Per second : 0, total time : 0 ms
13:53:33.409 - Ticked widgets for 1 minute : 0. Per second : 0, total time : 0 ms
13:54:33.415 - Ticked widgets for 1 minute : 0. Per second : 0, total time : 0 ms
13:55:33.413 - Ticked widgets for 1 minute : 0. Per second : 0, total time : 0 ms
13:56:33.408 - Ticked widgets for 1 minute : 0. Per second : 0, total time : 0 ms
13:57:33.409 - Ticked widgets for 1 minute : 0. Per second : 0, total time : 0 ms
13:58:33.407 - Ticked widgets for 1 minute : 0. Per second : 0, total time : 0 ms
13:59:33.411 - Ticked widgets for 1 minute : 0. Per second : 0, total time : 0 ms
14:00:33.409 - Ticked widgets for 1 minute : 0. Per second : 0, total time : 0 ms
14:01:33.402 - Ticked widgets for 1 minute : 0. Per second : 0, total time : 0 ms
14:02:33.411 - Ticked widgets for 1 minute : 0. Per second : 0, total time : 0 ms
14:03:33.402 - Ticked widgets for 1 minute : 0. Per second : 0, total time : 0 ms
14:04:33.403 - Ticked widgets for 1 minute : 0. Per second : 0, total time : 8 ms
14:05:33.415 - Ticked widgets for 1 minute : 0. Per second : 0, total time : 0 ms
14:06:33.401 - Ticked widgets for 1 minute : 0. Per second : 0, total time : 0 ms
14:07:33.413 - Ticked widgets for 1 minute : 0. Per second : 0, total time : 0 ms
14:08:33.408 - Ticked widgets for 1 minute : 0. Per second : 0, total time : 1 ms
14:09:33.408 - Ticked widgets for 1 minute : 0. Per second : 0, total time : 0 ms
14:10:33.405 - Ticked widgets for 1 minute : 0. Per second : 0, total time : 0 ms
14:11:33.402 - Ticked widgets for 1 minute : 0. Per second : 0, total time : 0 ms
14:12:33.414 - Ticked widgets for 1 minute : 0. Per second : 0, total time : 0 ms
14:13:33.412 - Ticked widgets for 1 minute : 0. Per second : 0, total time : 0 ms
14:14:33.409 - Ticked widgets for 1 minute : 0. Per second : 0, total time : 0 ms
14:15:33.407 - Ticked widgets for 1 minute : 0. Per second : 0, total time : 0 ms
14:16:33.405 - Ticked widgets for 1 minute : 0. Per second : 0, total time : 0 ms
14:17:33.401 - Ticked widgets for 1 minute : 0. Per second : 0, total time : 1 ms
14:18:33.400 - Ticked widgets for 1 minute : 0. Per second : 0, total time : 0 ms
14:19:33.412 - Ticked widgets for 1 minute : 0. Per second : 0, total time : 0 ms
14:20:33.408 - Ticked widgets for 1 minute : 0. Per second : 0, total time : 0 ms
14:21:33.406 - Ticked widgets for 1 minute : 0. Per second : 0, total time : 0 ms
14:22:33.406 - Ticked widgets for 1 minute : 0. Per second : 0, total time : 0 ms
14:23:33.405 - Ticked widgets for 1 minute : 0. Per second : 0, total time : 0 ms
14:24:33.419 - Ticked widgets for 1 minute : 0. Per second : 0, total time : 0 ms
14:25:33.411 - Ticked widgets for 1 minute : 0. Per second : 0, total time : 0 ms
14:26:33.411 - Ticked widgets for 1 minute : 0. Per second : 0, total time : 1 ms
14:27:33.409 - Ticked widgets for 1 minute : 0. Per second : 0, total time : 0 ms
14:28:33.406 - Ticked widgets for 1 minute : 0. Per second : 0, total time : 0 ms
14:29:33.403 - Ticked widgets for 1 minute : 0. Per second : 0, total time : 0 ms
14:30:33.416 - Ticked widgets for 1 minute : 0. Per second : 0, total time : 0 ms
14:31:33.416 - Ticked widgets for 1 minute : 0. Per second : 0, total time : 0 ms
14:32:33.416 - Ticked widgets for 1 minute : 0. Per second : 0, total time : 0 ms
14:33:33.408 - Ticked widgets for 1 minute : 0. Per second : 0, total time : 0 ms
14:34:33.416 - Ticked widgets for 1 minute : 0. Per second : 0, total time : 0 ms
14:35:33.416 - Ticked widgets for 1 minute : 0. Per second : 0, total time : 0 ms
14:36:33.415 - Ticked widgets for 1 minute : 0. Per second : 0, total time : 0 ms
14:37:33.405 - Ticked widgets for 1 minute : 0. Per second : 0, total time : 1 ms
14:38:33.404 - Ticked widgets for 1 minute : 0. Per second : 0, total time : 0 ms
14:39:33.407 - Ticked widgets for 1 minute : 0. Per second : 0, total time : 0 ms
14:40:33.404 - Ticked widgets for 1 minute : 0. Per second : 0, total time : 0 ms
14:41:33.403 - Ticked widgets for 1 minute : 0. Per second : 0, total time : 0 ms
14:42:33.409 - Ticked widgets for 1 minute : 0. Per second : 0, total time : 0 ms
14:43:33.405 - Ticked widgets for 1 minute : 0. Per second : 0, total time : 1 ms
14:44:33.404 - Ticked widgets for 1 minute : 0. Per second : 0, total time : 0 ms
14:45:33.415 - Ticked widgets for 1 minute : 0. Per second : 0, total time : 0 ms
14:46:33.405 - Ticked widgets for 1 minute : 0. Per second : 0, total time : 0 ms
14:47:33.410 - Ticked widgets for 1 minute : 0. Per second : 0, total time : 0 ms
14:48:33.416 - Ticked widgets for 1 minute : 0. Per second : 0, total time : 0 ms
14:49:33.416 - Ticked widgets for 1 minute : 0. Per second : 0, total time : 0 ms
14:50:33.416 - Ticked widgets for 1 minute : 0. Per second : 0, total time : 0 ms
14:51:33.412 - Ticked widgets for 1 minute : 0. Per second : 0, total time : 0 ms
14:52:33.406 - Ticked widgets for 1 minute : 0. Per second : 0, total time : 1 ms
14:53:33.402 - Ticked widgets for 1 minute : 0. Per second : 0, total time : 0 ms
14:54:33.400 - Ticked widgets for 1 minute : 0. Per second : 0, total time : 0 ms
14:55:33.405 - Ticked widgets for 1 minute : 0. Per second : 0, total time : 0 ms
14:56:33.414 - Ticked widgets for 1 minute : 0. Per second : 0, total time : 0 ms
14:57:33.407 - Ticked widgets for 1 minute : 0. Per second : 0, total time : 0 ms
14:58:33.404 - Ticked widgets for 1 minute : 0. Per second : 0, total time : 0 ms
14:59:33.401 - Ticked widgets for 1 minute : 0. Per second : 0, total time : 0 ms
15:00:33.400 - Ticked widgets for 1 minute : 0. Per second : 0, total time : 0 ms
15:01:33.406 - Ticked widgets for 1 minute : 0. Per second : 0, total time : 0 ms
15:02:33.407 - Ticked widgets for 1 minute : 0. Per second : 0, total time : 0 ms
15:03:33.400 - Ticked widgets for 1 minute : 0. Per second : 0, total time : 0 ms
15:04:33.400 - Ticked widgets for 1 minute : 0. Per second : 0, total time : 0 ms
15:05:33.411 - Ticked widgets for 1 minute : 0. Per second : 0, total time : 0 ms
15:06:33.412 - Ticked widgets for 1 minute : 0. Per second : 0, total time : 0 ms
15:07:33.414 - Ticked widgets for 1 minute : 0. Per second : 0, total time : 0 ms
15:08:33.412 - Ticked widgets for 1 minute : 0. Per second : 0, total time : 0 ms
15:09:33.412 - Ticked widgets for 1 minute : 0. Per second : 0, total time : 0 ms
15:10:33.402 - Ticked widgets for 1 minute : 0. Per second : 0, total time : 0 ms
15:11:33.400 - Ticked widgets for 1 minute : 0. Per second : 0, total time : 0 ms
15:12:33.411 - Ticked widgets for 1 minute : 0. Per second : 0, total time : 0 ms
15:13:33.405 - Ticked widgets for 1 minute : 0. Per second : 0, total time : 0 ms
15:14:33.409 - Ticked widgets for 1 minute : 0. Per second : 0, total time : 0 ms
15:15:33.409 - Ticked widgets for 1 minute : 0. Per second : 0, total time : 0 ms
15:16:33.412 - Ticked widgets for 1 minute : 0. Per second : 0, total time : 0 ms
15:17:33.413 - Ticked widgets for 1 minute : 0. Per second : 0, total time : 0 ms
15:18:33.409 - Ticked widgets for 1 minute : 0. Per second : 0, total time : 0 ms
15:19:33.409 - Ticked widgets for 1 minute : 0. Per second : 0, total time : 0 ms
15:20:33.406 - Ticked widgets for 1 minute : 0. Per second : 0, total time : 0 ms
15:21:33.403 - Ticked widgets for 1 minute : 0. Per second : 0, total time : 0 ms
15:22:33.410 - Ticked widgets for 1 minute : 0. Per second : 0, total time : 0 ms
15:23:33.410 - Ticked widgets for 1 minute : 0. Per second : 0, total time : 0 ms
15:24:33.407 - Ticked widgets for 1 minute : 0. Per second : 0, total time : 0 ms
15:25:33.400 - Ticked widgets for 1 minute : 0. Per second : 0, total time : 0 ms
15:26:33.400 - Ticked widgets for 1 minute : 0. Per second : 0, total time : 0 ms
15:27:33.401 - Ticked widgets for 1 minute : 0. Per second : 0, total time : 0 ms
15:28:33.407 - Ticked widgets for 1 minute : 0. Per second : 0, total time : 1 ms
15:29:33.410 - Ticked widgets for 1 minute : 0. Per second : 0, total time : 0 ms
15:30:33.414 - Ticked widgets for 1 minute : 0. Per second : 0, total time : 0 ms
15:31:33.401 - Ticked widgets for 1 minute : 0. Per second : 0, total time : 0 ms
15:32:33.402 - Ticked widgets for 1 minute : 0. Per second : 0, total time : 0 ms
15:33:33.402 - Ticked widgets for 1 minute : 0. Per second : 0, total time : 0 ms
15:34:33.408 - Ticked widgets for 1 minute : 0. Per second : 0, total time : 0 ms
15:35:33.411 - Ticked widgets for 1 minute : 0. Per second : 0, total time : 0 ms
15:36:33.411 - Ticked widgets for 1 minute : 0. Per second : 0, total time : 0 ms
15:37:33.414 - Ticked widgets for 1 minute : 0. Per second : 0, total time : 0 ms
15:38:33.400 - Ticked widgets for 1 minute : 0. Per second : 0, total time : 0 ms
15:39:33.405 - Ticked widgets for 1 minute : 0. Per second : 0, total time : 0 ms
15:40:33.415 - Ticked widgets for 1 minute : 0. Per second : 0, total time : 0 ms
15:41:33.401 - Ticked widgets for 1 minute : 0. Per second : 0, total time : 0 ms
15:42:33.405 - Ticked widgets for 1 minute : 0. Per second : 0, total time : 0 ms
15:43:33.400 - Ticked widgets for 1 minute : 0. Per second : 0, total time : 0 ms
15:44:33.407 - Ticked widgets for 1 minute : 0. Per second : 0, total time : 0 ms
15:45:33.402 - Ticked widgets for 1 minute : 0. Per second : 0, total time : 0 ms
15:46:33.402 - Ticked widgets for 1 minute : 0. Per second : 0, total time : 0 ms
15:47:33.401 - Ticked widgets for 1 minute : 0. Per second : 0, total time : 0 ms
15:48:33.407 - Ticked widgets for 1 minute : 0. Per second : 0, total time : 0 ms
15:49:33.410 - Ticked widgets for 1 minute : 0. Per second : 0, total time : 0 ms
15:50:33.405 - Ticked widgets for 1 minute : 0. Per second : 0, total time : 0 ms
15:51:33.406 - Ticked widgets for 1 minute : 0. Per second : 0, total time : 0 ms
15:52:33.406 - Ticked widgets for 1 minute : 0. Per second : 0, total time : 0 ms
15:53:33.401 - Ticked widgets for 1 minute : 0. Per second : 0, total time : 0 ms
15:54:33.400 - Ticked widgets for 1 minute : 0. Per second : 0, total time : 0 ms
15:55:33.400 - Ticked widgets for 1 minute : 0. Per second : 0, total time : 0 ms
15:56:33.409 - Ticked widgets for 1 minute : 0. Per second : 0, total time : 0 ms
15:57:33.411 - Ticked widgets for 1 minute : 0. Per second : 0, total time : 0 ms
15:58:33.415 - Ticked widgets for 1 minute : 0. Per second : 0, total time : 0 ms
15:59:33.410 - Ticked widgets for 1 minute : 0. Per second : 0, total time : 0 ms
16:00:33.413 - Ticked widgets for 1 minute : 0. Per second : 0, total time : 0 ms
16:01:33.414 - Ticked widgets for 1 minute : 0. Per second : 0, total time : 0 ms
16:02:33.410 - Ticked widgets for 1 minute : 0. Per second : 0, total time : 0 ms
16:03:33.415 - Ticked widgets for 1 minute : 0. Per second : 0, total time : 0 ms
16:04:33.400 - Ticked widgets for 1 minute : 0. Per second : 0, total time : 0 ms
16:05:33.411 - Ticked widgets for 1 minute : 0. Per second : 0, total time : 0 ms
16:06:33.409 - Ticked widgets for 1 minute : 0. Per second : 0, total time : 0 ms
16:07:33.411 - Ticked widgets for 1 minute : 0. Per second : 0, total time : 0 ms
16:08:33.406 - Ticked widgets for 1 minute : 0. Per second : 0, total time : 0 ms
16:09:33.405 - Ticked widgets for 1 minute : 0. Per second : 0, total time : 0 ms
16:10:33.411 - Ticked widgets for 1 minute : 0. Per second : 0, total time : 0 ms
16:11:33.407 - Ticked widgets for 1 minute : 0. Per second : 0, total time : 0 ms
16:12:33.409 - Ticked widgets for 1 minute : 0. Per second : 0, total time : 0 ms
16:13:33.409 - Ticked widgets for 1 minute : 0. Per second : 0, total time : 0 ms
16:14:33.407 - Ticked widgets for 1 minute : 0. Per second : 0, total time : 0 ms
16:15:33.414 - Ticked widgets for 1 minute : 0. Per second : 0, total time : 0 ms
16:16:33.401 - Ticked widgets for 1 minute : 0. Per second : 0, total time : 0 ms
16:17:33.402 - Ticked widgets for 1 minute : 0. Per second : 0, total time : 0 ms
16:18:33.414 - Ticked widgets for 1 minute : 0. Per second : 0, total time : 0 ms
16:19:33.412 - Ticked widgets for 1 minute : 0. Per second : 0, total time : 0 ms
16:20:33.410 - Ticked widgets for 1 minute : 0. Per second : 0, total time : 0 ms
16:21:33.404 - Ticked widgets for 1 minute : 0. Per second : 0, total time : 0 ms
16:22:33.400 - Ticked widgets for 1 minute : 0. Per second : 0, total time : 0 ms
16:23:33.413 - Ticked widgets for 1 minute : 0. Per second : 0, total time : 0 ms
16:24:33.405 - Ticked widgets for 1 minute : 0. Per second : 0, total time : 0 ms
16:25:33.403 - Ticked widgets for 1 minute : 0. Per second : 0, total time : 0 ms
16:26:33.410 - Ticked widgets for 1 minute : 0. Per second : 0, total time : 0 ms
16:27:33.412 - Ticked widgets for 1 minute : 0. Per second : 0, total time : 0 ms
16:28:33.409 - Ticked widgets for 1 minute : 0. Per second : 0, total time : 0 ms
16:29:33.404 - Ticked widgets for 1 minute : 0. Per second : 0, total time : 0 ms
16:30:33.403 - Ticked widgets for 1 minute : 0. Per second : 0, total time : 0 ms
16:31:33.414 - Ticked widgets for 1 minute : 0. Per second : 0, total time : 0 ms
16:32:33.409 - Ticked widgets for 1 minute : 0. Per second : 0, total time : 0 ms
16:33:33.407 - Ticked widgets for 1 minute : 0. Per second : 0, total time : 0 ms
16:34:33.406 - Ticked widgets for 1 minute : 0. Per second : 0, total time : 0 ms
16:35:33.408 - Ticked widgets for 1 minute : 0. Per second : 0, total time : 0 ms
16:36:33.400 - Ticked widgets for 1 minute : 0. Per second : 0, total time : 0 ms
16:37:33.402 - Ticked widgets for 1 minute : 0. Per second : 0, total time : 0 ms
16:38:33.408 - Ticked widgets for 1 minute : 0. Per second : 0, total time : 0 ms
16:39:33.403 - Ticked widgets for 1 minute : 0. Per second : 0, total time : 0 ms
16:40:33.416 - Ticked widgets for 1 minute : 0. Per second : 0, total time : 0 ms
16:41:33.403 - Ticked widgets for 1 minute : 0. Per second : 0, total time : 0 ms
16:42:33.405 - Ticked widgets for 1 minute : 0. Per second : 0, total time : 0 ms
16:43:33.416 - Ticked widgets for 1 minute : 0. Per second : 0, total time : 0 ms
